This is pdfTeX, Version 3.14159265-2.6-1.40.17 (MiKTeX 2.9.6210 64-bit) (preloaded format=pdflatex 2017.4.26)  27 APR 2017 16:04
entering extended mode
**./titlepage.tex
(titlepage.tex
LaTeX2e <2017/01/01> patch level 1
Babel <3.9r> and hyphenation patterns for 75 language(s) loaded.

! LaTeX Error: Environment titlepage undefined.

See the LaTeX manual or LaTeX Companion for explanation.
Type  H <return>  for immediate help.
 ...                                              
                                                  
l.1 \begin{titlepage}
                     
Your command was ignored.
Type  I <command> <return>  to replace it with another command,
or  <return>  to continue without it.


! LaTeX Error: Missing \begin{document}.

See the LaTeX manual or LaTeX Companion for explanation.
Type  H <return>  for immediate help.
 ...                                              
                                                  
l.2 \begin{center}
                  
You're in trouble here.  Try typing  <return>  to proceed.
If that doesn't work, type  X <return>  to quit.


Overfull \hbox (20.0pt too wide) in paragraph at lines 2--2
[] 
 []

! Undefined control sequence.
<recently read> \LARGE 
                       
l.9 ...Central Sup√©lec, Campus Chaten√¢y Malabry}
                                                  \\[1.5cm]
The control sequence at the end of the top line
of your error message was never \def'ed. If you have
misspelled it (e.g., `\hobx'), type `I' and the correct
spelling (e.g., `I\hbox'). Otherwise just continue,
and I'll forget about whatever was undefined.

Missing character: There is no √ in font cmcsc10!
Missing character: There is no â in font cmcsc10!
Missing character: There is no √ in font cmcsc10!
Missing character: There is no © in font cmcsc10!
Missing character: There is no √ in font cmcsc10!
Missing character: There is no ¢ in font cmcsc10!

Overfull \hbox (22.97765pt too wide) in paragraph at lines 9--9
 \OT1/cmr/m/sc/10 cole 
 []


Overfull \hbox (23.34984pt too wide) in paragraph at lines 9--9
 \OT1/cmr/m/sc/10 Cen- 
 []


Overfull \hbox (23.19989pt too wide) in paragraph at lines 9--9
 \OT1/cmr/m/sc/10 tral 
 []


Overfull \hbox (16.0221pt too wide) in paragraph at lines 9--9
 \OT1/cmr/m/sc/10 Su- 
 []


Overfull \hbox (25.39426pt too wide) in paragraph at lines 9--9
 \OT1/cmr/m/sc/10 plec, 
 []


Overfull \hbox (25.23872pt too wide) in paragraph at lines 9--9
 \OT1/cmr/m/sc/10 Cam- 
 []


Overfull \hbox (16.28882pt too wide) in paragraph at lines 9--9
 \OT1/cmr/m/sc/10 pus 
 []


Overfull \hbox (43.21643pt too wide) in paragraph at lines 9--9
 \OT1/cmr/m/sc/10 Chateny 
 []


Overfull \hbox (24.93314pt too wide) in paragraph at lines 9--9
 \OT1/cmr/m/sc/10 Mal- 
 []


Overfull \hbox (23.62212pt too wide) in paragraph at lines 9--9
 \OT1/cmr/m/sc/10 abry 
 []

! Undefined control sequence.
<recently read> \Large 
                       
l.11 ...troduction to object-oriented programming}
                                                  \\[0.5cm]
The control sequence at the end of the top line
of your error message was never \def'ed. If you have
misspelled it (e.g., `\hobx'), type `I' and the correct
spelling (e.g., `I\hbox'). Otherwise just continue,
and I'll forget about whatever was undefined.


Overfull \hbox (52.71083pt too wide) in paragraph at lines 11--11
 []\OT1/cmr/m/sc/10 Software- 
 []


Overfull \hbox (65.05516pt too wide) in paragraph at lines 11--11
 \OT1/cmr/m/sc/10 Engineering, 
 []


Overfull \hbox (13.96655pt too wide) in paragraph at lines 11--11
 \OT1/cmr/m/sc/10 In- 
 []


Overfull \hbox (21.84431pt too wide) in paragraph at lines 11--11
 \OT1/cmr/m/sc/10 tro- 
 []


Overfull \hbox (22.06656pt too wide) in paragraph at lines 11--11
 \OT1/cmr/m/sc/10 duc- 
 []


Overfull \hbox (21.42212pt too wide) in paragraph at lines 11--11
 \OT1/cmr/m/sc/10 tion 
 []


Overfull \hbox (12.2666pt too wide) in paragraph at lines 11--11
 \OT1/cmr/m/sc/10 to 
 []


Overfull \hbox (37.57758pt too wide) in paragraph at lines 11--11
 \OT1/cmr/m/sc/10 object- 
 []


Overfull \hbox (44.84424pt too wide) in paragraph at lines 11--11
 \OT1/cmr/m/sc/10 oriented 
 []


Overfull \hbox (21.51099pt too wide) in paragraph at lines 11--11
 \OT1/cmr/m/sc/10 pro- 
 []


Overfull \hbox (29.81096pt too wide) in paragraph at lines 11--11
 \OT1/cmr/m/sc/10 gram- 
 []


Overfull \hbox (23.03322pt too wide) in paragraph at lines 11--11
 \OT1/cmr/m/sc/10 ming 
 []

! Undefined control sequence.
l.14 \HRule
            \\[0.4cm]
The control sequence at the end of the top line
of your error message was never \def'ed. If you have
misspelled it (e.g., `\hobx'), type `I' and the correct
spelling (e.g., `I\hbox'). Otherwise just continue,
and I'll forget about whatever was undefined.


! LaTeX Error: There's no line here to end.

See the LaTeX manual or LaTeX Companion for explanation.
Type  H <return>  for immediate help.
 ...                                              
                                                  
l.14 \HRule \\
              [0.4cm]
Your command was ignored.
Type  I <command> <return>  to replace it with another command,
or  <return>  to continue without it.

! Undefined control sequence.
l.15 { \huge
             \bfseries MyFoodora \\ A food delivery system \\[0.4cm] }
The control sequence at the end of the top line
of your error message was never \def'ed. If you have
misspelled it (e.g., `\hobx'), type `I' and the correct
spelling (e.g., `I\hbox'). Otherwise just continue,
and I'll forget about whatever was undefined.


Overfull \hbox (57.86774pt too wide) in paragraph at lines 15--15
 []\OT1/cmr/bx/n/10 MyFoodora 
 []


Overfull \hbox (8.6944pt too wide) in paragraph at lines 15--15
 []\OT1/cmr/bx/n/10 A 
 []


Overfull \hbox (22.04155pt too wide) in paragraph at lines 15--15
 \OT1/cmr/bx/n/10 food 
 []


Overfull \hbox (15.49298pt too wide) in paragraph at lines 15--15
 \OT1/cmr/bx/n/10 de- 
 []


Overfull \hbox (16.29158pt too wide) in paragraph at lines 15--15
 \OT1/cmr/bx/n/10 liv- 
 []


Overfull \hbox (16.07632pt too wide) in paragraph at lines 15--15
 \OT1/cmr/bx/n/10 ery 
 []


Overfull \hbox (18.97487pt too wide) in paragraph at lines 15--15
 \OT1/cmr/bx/n/10 sys- 
 []


Overfull \hbox (19.3263pt too wide) in paragraph at lines 15--15
 \OT1/cmr/bx/n/10 tem 
 []

! Undefined control sequence.
l.17 \HRule
            \\[1.5cm]
The control sequence at the end of the top line
of your error message was never \def'ed. If you have
misspelled it (e.g., `\hobx'), type `I' and the correct
spelling (e.g., `I\hbox'). Otherwise just continue,
and I'll forget about whatever was undefined.


! LaTeX Error: There's no line here to end.

See the LaTeX manual or LaTeX Companion for explanation.
Type  H <return>  for immediate help.
 ...                                              
                                                  
l.17 \HRule \\
              [1.5cm]
Your command was ignored.
Type  I <command> <return>  to replace it with another command,
or  <return>  to continue without it.

! Undefined control sequence.
l.20 \begin{center} \large
                          
The control sequence at the end of the top line
of your error message was never \def'ed. If you have
misspelled it (e.g., `\hobx'), type `I' and the correct
spelling (e.g., `I\hbox'). Otherwise just continue,
and I'll forget about whatever was undefined.


Overfull \hbox (30.67897pt too wide) in paragraph at lines 21--21
 \OT1/cmr/m/it/10 Group: 
 []

Missing character: There is no J in font nullfont!
Missing character: There is no √ in font nullfont!
Missing character: There is no © in font nullfont!
Missing character: There is no r in font nullfont!
Missing character: There is no √ in font nullfont!
Missing character: There is no © in font nullfont!
Missing character: There is no m in font nullfont!
Missing character: There is no y in font nullfont!
Missing character: There is no M in font nullfont!
Missing character: There is no a in font nullfont!
Missing character: There is no x in font nullfont!

Overfull \hbox (17.7582pt too wide) in paragraph at lines 22--24
 \OT1/cmr/m/sc/10 Au- 
 []


Overfull \hbox (18.67767pt too wide) in paragraph at lines 22--24
 \OT1/cmr/m/sc/10 got 
 []


Overfull \hbox (29.42204pt too wide) in paragraph at lines 22--24
 \OT1/cmr/m/sc/10 Spahn 
 []

! Undefined control sequence.
l.29 {\large
             \today}
The control sequence at the end of the top line
of your error message was never \def'ed. If you have
misspelled it (e.g., `\hobx'), type `I' and the correct
spelling (e.g., `I\hbox'). Otherwise just continue,
and I'll forget about whatever was undefined.

! Undefined control sequence.
l.29 {\large \today
                   }
The control sequence at the end of the top line
of your error message was never \def'ed. If you have
misspelled it (e.g., `\hobx'), type `I' and the correct
spelling (e.g., `I\hbox'). Otherwise just continue,
and I'll forget about whatever was undefined.


! LaTeX Error: \begin{document} ended by \end{titlepage}.

See the LaTeX manual or LaTeX Companion for explanation.
Type  H <return>  for immediate help.
 ...                                              
                                                  
l.32 \end{titlepage}
                    
Your command was ignored.
Type  I <command> <return>  to replace it with another command,
or  <return>  to continue without it.

)
! Emergency stop.
<*> ./titlepage.tex
                   
*** (job aborted, no legal \end found)

 
Here is how much of TeX's memory you used:
 17 strings out of 493333
 196 string characters out of 3139194
 54255 words of memory out of 3000000
 3644 multiletter control sequences out of 15000+200000
 4595 words of font info for 17 fonts, out of 3000000 for 9000
 1141 hyphenation exceptions out of 8191
 14i,1n,10p,124b,158s stack positions out of 5000i,500n,10000p,200000b,50000s
!  ==> Fatal error occurred, no output PDF file produced!
